TN:
SF:C:/git_repo/testrepo/ffproject/src/components/store-component/store-component.spec.ts
FN:7,(anonymous_12)
FN:12,(anonymous_13)
FN:18,(anonymous_14)
FNF:3
FNH:3
FNDA:1,(anonymous_12)
FNDA:1,(anonymous_13)
FNDA:1,(anonymous_14)
DA:1,1
DA:7,1
DA:12,1
DA:13,1
DA:14,1
DA:15,1
DA:18,1
DA:19,1
DA:20,1
DA:22,1
DA:23,1
DA:24,1
DA:26,1
LF:13
LH:13
BRF:0
BRH:0
end_of_record
TN:
SF:C:/git_repo/testrepo/ffproject/src/components/store-component/store-component.ts
FN:11,(anonymous_1)
FN:15,(anonymous_3)
FN:22,(anonymous_4)
FN:32,(anonymous_5)
FN:10,(anonymous_6)
FNF:5
FNH:2
FNDA:2,(anonymous_1)
FNDA:0,(anonymous_3)
FNDA:1,(anonymous_4)
FNDA:0,(anonymous_5)
FNDA:0,(anonymous_6)
DA:10,0
DA:11,1
DA:15,1
DA:16,0
DA:17,0
DA:18,0
DA:22,1
DA:23,1
DA:29,1
DA:32,1
DA:33,0
DA:42,0
DA:43,0
DA:44,0
DA:46,0
DA:53,0
DA:55,1
LF:17
LH:7
BRDA:16,0,0,0
BRDA:16,0,1,0
BRDA:42,1,0,0
BRDA:42,1,1,0
BRF:4
BRH:0
end_of_record
TN:
SF:C:/git_repo/testrepo/ffproject/src/components/test-component-one/test-component-one.spec.ts
FN:11,(anonymous_0)
FN:17,(anonymous_1)
FN:19,(anonymous_2)
FN:25,(anonymous_3)
FN:30,(anonymous_4)
FN:32,(anonymous_5)
FN:43,(anonymous_6)
FN:49,(anonymous_7)
FN:51,(anonymous_8)
FN:51,(anonymous_9)
FN:57,(anonymous_10)
FN:62,(anonymous_11)
FN:64,(anonymous_12)
FN:64,(anonymous_13)
FN:70,(anonymous_14)
FNF:15
FNH:13
FNDA:1,(anonymous_0)
FNDA:2,(anonymous_1)
FNDA:2,(anonymous_2)
FNDA:1,(anonymous_3)
FNDA:1,(anonymous_4)
FNDA:0,(anonymous_5)
FNDA:1,(anonymous_6)
FNDA:2,(anonymous_7)
FNDA:2,(anonymous_8)
FNDA:2,(anonymous_9)
FNDA:1,(anonymous_10)
FNDA:1,(anonymous_11)
FNDA:1,(anonymous_12)
FNDA:0,(anonymous_13)
FNDA:1,(anonymous_14)
DA:11,1
DA:17,1
DA:18,2
DA:19,2
DA:20,2
DA:21,2
DA:22,2
DA:25,1
DA:27,1
DA:30,1
DA:32,1
DA:35,1
DA:38,1
DA:39,1
DA:43,1
DA:49,1
DA:50,2
DA:51,2
DA:52,2
DA:53,2
DA:54,2
DA:57,1
DA:59,1
DA:62,1
DA:64,1
DA:67,1
DA:70,1
LF:27
LH:27
BRF:0
BRH:0
end_of_record
TN:
SF:C:/git_repo/testrepo/ffproject/src/components/test-component-one/test-component-one.ts
FN:6,(anonymous_0)
FN:10,TestComponentOne
FN:12,(anonymous_2)
FN:8,(anonymous_3)
FN:17,(anonymous_4)
FN:21,(anonymous_5)
FN:25,(anonymous_6)
FNF:7
FNH:4
FNDA:1,(anonymous_0)
FNDA:4,TestComponentOne
FNDA:4,(anonymous_2)
FNDA:0,(anonymous_3)
FNDA:2,(anonymous_4)
FNDA:0,(anonymous_5)
FNDA:0,(anonymous_6)
DA:6,1
DA:8,1
DA:10,4
DA:11,4
DA:13,4
DA:17,1
DA:18,2
DA:21,1
DA:22,0
DA:25,1
DA:26,0
DA:28,1
LF:12
LH:10
BRF:0
BRH:0
end_of_record
TN:
SF:C:/git_repo/testrepo/ffproject/src/services/testServiceOne/testServiceOne.spec.ts
FN:7,(anonymous_12)
FN:11,(anonymous_13)
FN:16,(anonymous_14)
FN:18,(anonymous_17)
FN:28,(anonymous_18)
FN:30,(anonymous_21)
FN:43,(anonymous_22)
FN:45,(anonymous_25)
FN:55,(anonymous_26)
FN:57,(anonymous_29)
FN:70,(anonymous_30)
FN:72,(anonymous_33)
FN:82,(anonymous_34)
FN:86,(anonymous_35)
FN:91,(anonymous_36)
FN:93,(anonymous_39)
FN:93,(anonymous_40)
FN:100,(anonymous_41)
FN:103,(anonymous_42)
FN:105,(anonymous_45)
FN:105,(anonymous_46)
FN:115,(anonymous_47)
FN:118,(anonymous_48)
FN:120,(anonymous_51)
FN:120,(anonymous_52)
FN:127,(anonymous_53)
FN:130,(anonymous_54)
FN:132,(anonymous_57)
FN:132,(anonymous_58)
FN:142,(anonymous_59)
FN:145,(anonymous_60)
FN:147,(anonymous_63)
FN:147,(anonymous_64)
FN:153,(anonymous_65)
FN:157,(anonymous_66)
FN:161,(anonymous_67)
FN:166,(anonymous_68)
FN:178,(anonymous_71)
FN:193,(anonymous_74)
FN:205,(anonymous_77)
FN:220,(anonymous_80)
FNF:41
FNH:41
FNDA:1,(anonymous_12)
FNDA:5,(anonymous_13)
FNDA:1,(anonymous_14)
FNDA:1,(anonymous_17)
FNDA:1,(anonymous_18)
FNDA:1,(anonymous_21)
FNDA:1,(anonymous_22)
FNDA:1,(anonymous_25)
FNDA:1,(anonymous_26)
FNDA:1,(anonymous_29)
FNDA:1,(anonymous_30)
FNDA:1,(anonymous_33)
FNDA:1,(anonymous_34)
FNDA:5,(anonymous_35)
FNDA:1,(anonymous_36)
FNDA:1,(anonymous_39)
FNDA:1,(anonymous_40)
FNDA:1,(anonymous_41)
FNDA:1,(anonymous_42)
FNDA:1,(anonymous_45)
FNDA:1,(anonymous_46)
FNDA:1,(anonymous_47)
FNDA:1,(anonymous_48)
FNDA:1,(anonymous_51)
FNDA:1,(anonymous_52)
FNDA:1,(anonymous_53)
FNDA:1,(anonymous_54)
FNDA:1,(anonymous_57)
FNDA:1,(anonymous_58)
FNDA:1,(anonymous_59)
FNDA:1,(anonymous_60)
FNDA:1,(anonymous_63)
FNDA:1,(anonymous_64)
FNDA:1,(anonymous_65)
FNDA:1,(anonymous_66)
FNDA:5,(anonymous_67)
FNDA:1,(anonymous_68)
FNDA:1,(anonymous_71)
FNDA:1,(anonymous_74)
FNDA:1,(anonymous_77)
FNDA:1,(anonymous_80)
DA:1,1
DA:7,1
DA:11,1
DA:12,5
DA:13,5
DA:16,1
DA:18,1
DA:21,1
DA:24,1
DA:25,1
DA:28,1
DA:30,1
DA:34,1
DA:36,1
DA:40,1
DA:43,1
DA:45,1
DA:48,1
DA:51,1
DA:52,1
DA:55,1
DA:57,1
DA:61,1
DA:63,1
DA:67,1
DA:70,1
DA:72,1
DA:75,1
DA:78,1
DA:82,1
DA:86,1
DA:87,5
DA:88,5
DA:91,1
DA:93,1
DA:96,1
DA:99,1
DA:100,1
DA:103,1
DA:105,1
DA:109,1
DA:111,1
DA:115,1
DA:118,1
DA:120,1
DA:123,1
DA:126,1
DA:127,1
DA:130,1
DA:132,1
DA:136,1
DA:138,1
DA:142,1
DA:145,1
DA:147,1
DA:150,1
DA:153,1
DA:157,1
DA:161,1
DA:162,5
DA:163,5
DA:166,1
DA:168,1
DA:171,1
DA:174,1
DA:175,1
DA:178,1
DA:180,1
DA:184,1
DA:186,1
DA:190,1
DA:193,1
DA:195,1
DA:198,1
DA:201,1
DA:202,1
DA:205,1
DA:207,1
DA:211,1
DA:213,1
DA:217,1
DA:220,1
DA:222,1
DA:225,1
DA:228,1
LF:85
LH:85
BRF:0
BRH:0
end_of_record
TN:
SF:C:/git_repo/testrepo/ffproject/src/services/testServiceOne/testServiceOne.ts
FN:1,(anonymous_12)
FN:2,TestServiceOne
FN:6,(anonymous_14)
FN:15,(anonymous_17)
FN:24,(anonymous_20)
FN:33,(anonymous_23)
FN:41,(anonymous_26)
FN:46,(anonymous_27)
FN:47,(anonymous_29)
FN:51,(anonymous_30)
FN:55,(anonymous_31)
FN:59,(anonymous_32)
FNF:12
FNH:6
FNDA:1,(anonymous_12)
FNDA:18,TestServiceOne
FNDA:6,(anonymous_14)
FNDA:6,(anonymous_17)
FNDA:0,(anonymous_20)
FNDA:3,(anonymous_23)
FNDA:0,(anonymous_26)
FNDA:6,(anonymous_27)
FNDA:0,(anonymous_29)
FNDA:0,(anonymous_30)
FNDA:0,(anonymous_31)
FNDA:0,(anonymous_32)
DA:1,1
DA:2,18
DA:6,1
DA:8,6
DA:9,3
DA:11,3
DA:15,1
DA:17,6
DA:18,3
DA:20,3
DA:24,1
DA:26,0
DA:27,0
DA:29,0
DA:33,1
DA:35,3
DA:37,0
DA:41,1
DA:42,0
DA:44,1
DA:46,1
DA:47,1
DA:48,0
DA:51,1
DA:52,0
DA:55,1
DA:56,0
DA:59,1
DA:60,0
DA:62,1
LF:30
LH:21
BRF:0
BRH:0
end_of_record
TN:
SF:C:/git_repo/testrepo/ffproject/src/services/testServiceTwo/testServiceTwo.spec.ts
FN:8,(anonymous_0)
FN:12,(anonymous_1)
FN:17,(anonymous_2)
FN:25,(anonymous_3)
FN:33,(anonymous_4)
FN:41,(anonymous_5)
FN:54,(anonymous_6)
FN:58,(anonymous_7)
FN:63,(anonymous_8)
FN:65,(anonymous_9)
FN:65,(anonymous_10)
FN:75,(anonymous_11)
FN:79,(anonymous_12)
FN:84,(anonymous_13)
FNF:14
FNH:13
FNDA:1,(anonymous_0)
FNDA:4,(anonymous_1)
FNDA:1,(anonymous_2)
FNDA:1,(anonymous_3)
FNDA:1,(anonymous_4)
FNDA:1,(anonymous_5)
FNDA:1,(anonymous_6)
FNDA:1,(anonymous_7)
FNDA:1,(anonymous_8)
FNDA:1,(anonymous_9)
FNDA:0,(anonymous_10)
FNDA:1,(anonymous_11)
FNDA:1,(anonymous_12)
FNDA:1,(anonymous_13)
DA:8,1
DA:12,1
DA:13,4
DA:14,4
DA:17,1
DA:19,1
DA:22,1
DA:25,1
DA:27,1
DA:30,1
DA:33,1
DA:35,1
DA:38,1
DA:41,1
DA:43,1
DA:46,1
DA:49,1
DA:50,1
DA:54,1
DA:58,1
DA:59,1
DA:60,1
DA:63,1
DA:65,1
DA:68,1
DA:71,1
DA:75,1
DA:79,1
DA:80,1
DA:81,1
DA:84,1
DA:86,1
DA:89,1
DA:92,1
LF:34
LH:34
BRF:0
BRH:0
end_of_record
TN:
SF:C:/git_repo/testrepo/ffproject/src/services/testServiceTwo/testServiceTwo.ts
FN:2,(anonymous_0)
FN:3,TestServiceTwo
FN:7,(anonymous_2)
FN:11,(anonymous_3)
FN:15,(anonymous_4)
FN:16,(anonymous_5)
FN:19,(anonymous_6)
FNF:7
FNH:7
FNDA:1,(anonymous_0)
FNDA:8,TestServiceTwo
FNDA:3,(anonymous_2)
FNDA:1,(anonymous_3)
FNDA:1,(anonymous_4)
FNDA:3,(anonymous_5)
FNDA:1,(anonymous_6)
DA:2,1
DA:3,8
DA:7,1
DA:8,3
DA:11,1
DA:12,1
DA:15,1
DA:16,3
DA:19,1
DA:20,1
DA:21,1
DA:23,1
LF:12
LH:12
BRF:0
BRH:0
end_of_record
TN:
SF:C:/git_repo/testrepo/ffproject/src/store/actions.ts
FN:5,(anonymous_0)
FN:6,(anonymous_1)
FN:13,(anonymous_2)
FN:14,(anonymous_3)
FNF:4
FNH:0
FNDA:0,(anonymous_0)
FNDA:0,(anonymous_1)
FNDA:0,(anonymous_2)
FNDA:0,(anonymous_3)
DA:5,1
DA:6,0
DA:7,0
DA:10,0
DA:13,1
DA:14,0
DA:15,0
DA:18,0
DA:21,1
DA:22,1
LF:10
LH:4
BRF:0
BRH:0
end_of_record
TN:
SF:C:/git_repo/testrepo/ffproject/src/store/state.ts
FN:34,(anonymous_0)
FN:41,(anonymous_1)
FNF:2
FNH:2
FNDA:2,(anonymous_0)
FNDA:1,(anonymous_1)
DA:22,1
DA:34,1
DA:35,2
DA:36,2
DA:37,2
DA:41,2
LF:6
LH:6
BRDA:36,0,0,2
BRDA:36,0,1,0
BRF:2
BRH:1
end_of_record
