{"C:/git_repo/testrepo/ffproject/src/actions.ts": {"path":"C:/git_repo/testrepo/ffproject/src/actions.ts","statementMap":{"0":{"start":{"line":2,"column":0},"end":{"line":2,"column":27}},"1":{"start":{"line":3,"column":0},"end":{"line":3,"column":44}},"2":{"start":{"line":5,"column":30},"end":{"line":11,"column":1}},"3":{"start":{"line":6,"column":13},"end":{"line":8,"column":3}},"4":{"start":{"line":7,"column":4},"end":{"line":7,"column":39}},"5":{"start":{"line":10,"column":2},"end":{"line":10,"column":31}},"6":{"start":{"line":13,"column":27},"end":{"line":19,"column":1}},"7":{"start":{"line":14,"column":13},"end":{"line":16,"column":3}},"8":{"start":{"line":15,"column":4},"end":{"line":15,"column":33}},"9":{"start":{"line":18,"column":2},"end":{"line":18,"column":31}},"10":{"start":{"line":21,"column":13},"end":{"line":21,"column":79}},"11":{"start":{"line":22,"column":13},"end":{"line":22,"column":73}}},"fnMap":{"0":{"name":"(anonymous_0)","decl":{"start":{"line":5,"column":30},"end":{"line":5,"column":30}},"loc":{"start":{"line":5,"column":64},"end":{"line":11,"column":1}}},"1":{"name":"(anonymous_1)","decl":{"start":{"line":6,"column":13},"end":{"line":6,"column":13}},"loc":{"start":{"line":6,"column":29},"end":{"line":8,"column":3}}},"2":{"name":"(anonymous_2)","decl":{"start":{"line":13,"column":27},"end":{"line":13,"column":27}},"loc":{"start":{"line":13,"column":57},"end":{"line":19,"column":1}}},"3":{"name":"(anonymous_3)","decl":{"start":{"line":14,"column":13},"end":{"line":14,"column":13}},"loc":{"start":{"line":14,"column":29},"end":{"line":16,"column":3}}}},"branchMap":{},"s":{"0":1,"1":1,"2":1,"3":0,"4":0,"5":0,"6":1,"7":1,"8":1,"9":1,"10":1,"11":1},"f":{"0":0,"1":0,"2":1,"3":1},"b":{}}
,"C:/git_repo/testrepo/ffproject/src/app.ts": {"path":"C:/git_repo/testrepo/ffproject/src/app.ts","statementMap":{"0":{"start":{"line":1,"column":0},"end":{"line":1,"column":-1}},"1":{"start":{"line":2,"column":2},"end":{"line":null,"column":-1}},"2":{"start":{"line":3,"column":0},"end":{"line":null,"column":-1}},"3":{"start":{"line":1,"column":13},"end":{"line":null,"column":-1}}},"fnMap":{"0":{"name":"(anonymous_0)","decl":{"start":{"line":1,"column":0},"end":{"line":1,"column":-1}},"loc":{"start":{"line":1,"column":0},"end":{"line":1,"column":-1}}}},"branchMap":{},"s":{"0":0,"1":0,"2":0,"3":0},"f":{"0":0},"b":{}}
,"C:/git_repo/testrepo/ffproject/src/environment.ts": {"path":"C:/git_repo/testrepo/ffproject/src/environment.ts","statementMap":{"0":{"start":{"line":1,"column":0},"end":{"line":null,"column":-1}}},"fnMap":{},"branchMap":{},"s":{"0":0},"f":{},"b":{}}
,"C:/git_repo/testrepo/ffproject/src/index.ts": {"path":"C:/git_repo/testrepo/ffproject/src/index.ts","statementMap":{"0":{"start":{"line":3,"column":0},"end":{"line":null,"column":-1}}},"fnMap":{"0":{"name":"configure","decl":{"start":{"line":3,"column":0},"end":{"line":3,"column":-1}},"loc":{"start":{"line":3,"column":56},"end":{"line":5,"column":1}}}},"branchMap":{},"s":{"0":0},"f":{"0":0},"b":{}}
,"C:/git_repo/testrepo/ffproject/src/main.ts": {"path":"C:/git_repo/testrepo/ffproject/src/main.ts","statementMap":{"0":{"start":{"line":4,"column":0},"end":{"line":4,"column":-1}},"1":{"start":{"line":5,"column":0},"end":{"line":5,"column":-1}},"2":{"start":{"line":6,"column":0},"end":{"line":6,"column":-1}},"3":{"start":{"line":7,"column":0},"end":{"line":7,"column":-1}},"4":{"start":{"line":10,"column":0},"end":{"line":null,"column":-1}},"5":{"start":{"line":13,"column":2},"end":{"line":null,"column":-1}},"6":{"start":{"line":24,"column":2},"end":{"line":null,"column":-1}},"7":{"start":{"line":26,"column":2},"end":{"line":28,"column":3}},"8":{"start":{"line":27,"column":4},"end":{"line":null,"column":-1}},"9":{"start":{"line":30,"column":2},"end":{"line":32,"column":3}},"10":{"start":{"line":31,"column":4},"end":{"line":null,"column":-1}},"11":{"start":{"line":34,"column":2},"end":{"line":null,"column":-1}},"12":{"start":{"line":36,"column":2},"end":{"line":null,"column":-1}},"13":{"start":{"line":36,"column":36},"end":{"line":36,"column":79}},"14":{"start":{"line":12,"column":0},"end":{"line":null,"column":-1}}},"fnMap":{"0":{"name":"configure","decl":{"start":{"line":12,"column":0},"end":{"line":12,"column":-1}},"loc":{"start":{"line":12,"column":42},"end":{"line":37,"column":1}}},"1":{"name":"(anonymous_1)","decl":{"start":{"line":36,"column":30},"end":{"line":36,"column":29}},"loc":{"start":{"line":36,"column":30},"end":{"line":36,"column":9}}}},"branchMap":{"0":{"loc":{"start":{"line":26,"column":2},"end":{"line":28,"column":3}},"type":"if","locations":[{"start":{"line":26,"column":2},"end":{"line":28,"column":3}},{"start":{"line":26,"column":2},"end":{"line":28,"column":3}}]},"1":{"loc":{"start":{"line":30,"column":2},"end":{"line":32,"column":3}},"type":"if","locations":[{"start":{"line":30,"column":2},"end":{"line":32,"column":3}},{"start":{"line":30,"column":2},"end":{"line":32,"column":3}}]}},"s":{"0":0,"1":0,"2":0,"3":0,"4":0,"5":0,"6":0,"7":0,"8":0,"9":0,"10":0,"11":0,"12":0,"13":0,"14":0},"f":{"0":0,"1":0},"b":{"0":[0,0],"1":[0,0]}}
,"C:/git_repo/testrepo/ffproject/src/state.ts": {"path":"C:/git_repo/testrepo/ffproject/src/state.ts","statementMap":{"0":{"start":{"line":2,"column":0},"end":{"line":2,"column":46}},"1":{"start":{"line":3,"column":0},"end":{"line":3,"column":45}},"2":{"start":{"line":22,"column":13},"end":{"line":32,"column":2}},"3":{"start":{"line":34,"column":13},"end":{"line":42,"column":1}},"4":{"start":{"line":35,"column":30},"end":{"line":35,"column":75}},"5":{"start":{"line":36,"column":2},"end":{"line":38,"column":3}},"6":{"start":{"line":37,"column":6},"end":{"line":37,"column":54}},"7":{"start":{"line":41,"column":2},"end":{"line":41,"column":63}},"8":{"start":{"line":41,"column":10},"end":{"line":41,"column":21}},"9":{"start":{"line":41,"column":10},"end":{"line":41,"column":22}},"10":{"start":{"line":41,"column":27},"end":{"line":41,"column":61}}},"fnMap":{"0":{"name":"(anonymous_0)","decl":{"start":{"line":34,"column":27},"end":{"line":34,"column":47}},"loc":{"start":{"line":34,"column":80},"end":{"line":42,"column":1}}},"1":{"name":"(anonymous_1)","decl":{"start":{"line":41,"column":9},"end":{"line":null,"column":-1}},"loc":{"start":{"line":41,"column":9},"end":{"line":41,"column":62}}}},"branchMap":{"0":{"loc":{"start":{"line":36,"column":2},"end":{"line":38,"column":3}},"type":"if","locations":[{"start":{"line":36,"column":2},"end":{"line":38,"column":3}},{"start":{"line":36,"column":2},"end":{"line":38,"column":3}}]}},"s":{"0":1,"1":1,"2":1,"3":1,"4":2,"5":2,"6":2,"7":2,"8":1,"9":1,"10":1},"f":{"0":2,"1":1},"b":{"0":[2,0]}}
,"C:/git_repo/testrepo/ffproject/src/store-component.ts": {"path":"C:/git_repo/testrepo/ffproject/src/store-component.ts","statementMap":{"0":{"start":{"line":1,"column":0},"end":{"line":1,"column":46}},"1":{"start":{"line":2,"column":0},"end":{"line":2,"column":41}},"2":{"start":{"line":4,"column":0},"end":{"line":4,"column":38}},"3":{"start":{"line":5,"column":0},"end":{"line":5,"column":71}},"4":{"start":{"line":6,"column":0},"end":{"line":6,"column":27}},"5":{"start":{"line":11,"column":0},"end":{"line":55,"column":0}},"6":{"start":{"line":15,"column":10},"end":{"line":20,"column":3}},"7":{"start":{"line":16,"column":4},"end":{"line":19,"column":5}},"8":{"start":{"line":17,"column":6},"end":{"line":17,"column":32}},"9":{"start":{"line":18,"column":6},"end":{"line":18,"column":38}},"10":{"start":{"line":22,"column":10},"end":{"line":30,"column":3}},"11":{"start":{"line":23,"column":17},"end":{"line":28,"column":25}},"12":{"start":{"line":29,"column":4},"end":{"line":29,"column":28}},"13":{"start":{"line":32,"column":10},"end":{"line":54,"column":3}},"14":{"start":{"line":33,"column":20},"end":{"line":38,"column":25}},"15":{"start":{"line":42,"column":4},"end":{"line":51,"column":5}},"16":{"start":{"line":43,"column":6},"end":{"line":43,"column":45}},"17":{"start":{"line":44,"column":6},"end":{"line":44,"column":34}},"18":{"start":{"line":46,"column":6},"end":{"line":50,"column":8}},"19":{"start":{"line":53,"column":4},"end":{"line":53,"column":37}},"20":{"start":{"line":11,"column":13},"end":{"line":55,"column":1}},"21":{"start":{"line":10,"column":36},"end":{"line":10,"column":70}},"22":{"start":{"line":55,"column":0},"end":{"line":55,"column":1}},"23":{"start":{"line":11,"column":13},"end":{"line":11,"column":27}}},"fnMap":{"0":{"name":"(anonymous_1)","decl":{"start":{"line":11,"column":0},"end":{"line":null,"column":-1}},"loc":{"start":{"line":11,"column":0},"end":{"line":11,"column":-1}}},"1":{"name":"(anonymous_3)","decl":{"start":{"line":15,"column":2},"end":{"line":15,"column":22}},"loc":{"start":{"line":15,"column":69},"end":{"line":20,"column":3}}},"2":{"name":"(anonymous_4)","decl":{"start":{"line":22,"column":2},"end":{"line":null,"column":-1}},"loc":{"start":{"line":22,"column":2},"end":{"line":30,"column":3}}},"3":{"name":"(anonymous_5)","decl":{"start":{"line":32,"column":2},"end":{"line":null,"column":-1}},"loc":{"start":{"line":32,"column":2},"end":{"line":54,"column":3}}},"4":{"name":"(anonymous_6)","decl":{"start":{"line":10,"column":25},"end":{"line":10,"column":25}},"loc":{"start":{"line":10,"column":31},"end":{"line":10,"column":70}}}},"branchMap":{"0":{"loc":{"start":{"line":16,"column":4},"end":{"line":19,"column":5}},"type":"if","locations":[{"start":{"line":16,"column":4},"end":{"line":19,"column":5}},{"start":{"line":16,"column":4},"end":{"line":19,"column":5}}]},"1":{"loc":{"start":{"line":42,"column":4},"end":{"line":51,"column":5}},"type":"if","locations":[{"start":{"line":42,"column":4},"end":{"line":51,"column":5}},{"start":{"line":42,"column":4},"end":{"line":51,"column":5}}]}},"s":{"0":1,"1":1,"2":1,"3":1,"4":1,"5":1,"6":1,"7":0,"8":0,"9":0,"10":1,"11":1,"12":1,"13":1,"14":0,"15":0,"16":0,"17":0,"18":0,"19":0,"20":1,"21":0,"22":1,"23":1},"f":{"0":2,"1":0,"2":1,"3":0,"4":0},"b":{"0":[0,0],"1":[0,0]}}
,"C:/git_repo/testrepo/ffproject/src/store.ts": {"path":"C:/git_repo/testrepo/ffproject/src/store.ts","statementMap":{"0":{"start":{"line":1,"column":0},"end":{"line":1,"column":-1}},"1":{"start":{"line":2,"column":0},"end":{"line":2,"column":-1}},"2":{"start":{"line":5,"column":28},"end":{"line":5,"column":0}},"3":{"start":{"line":7,"column":0},"end":{"line":null,"column":-1}}},"fnMap":{},"branchMap":{},"s":{"0":0,"1":0,"2":0,"3":0},"f":{},"b":{}}
,"C:/git_repo/testrepo/ffproject/src/test-component-one.ts": {"path":"C:/git_repo/testrepo/ffproject/src/test-component-one.ts","statementMap":{"0":{"start":{"line":1,"column":0},"end":{"line":1,"column":37}},"1":{"start":{"line":6,"column":0},"end":{"line":28,"column":0}},"2":{"start":{"line":10,"column":2},"end":{"line":15,"column":2}},"3":{"start":{"line":10,"column":22},"end":{"line":10,"column":36}},"4":{"start":{"line":10,"column":46},"end":{"line":10,"column":76}},"5":{"start":{"line":10,"column":86},"end":{"line":10,"column":116}},"6":{"start":{"line":11,"column":4},"end":{"line":14,"column":9}},"7":{"start":{"line":13,"column":8},"end":{"line":13,"column":30}},"8":{"start":{"line":8,"column":9},"end":{"line":8,"column":38}},"9":{"start":{"line":8,"column":20},"end":{"line":8,"column":36}},"10":{"start":{"line":17,"column":9},"end":{"line":19,"column":3}},"11":{"start":{"line":18,"column":4},"end":{"line":18,"column":57}},"12":{"start":{"line":21,"column":9},"end":{"line":23,"column":3}},"13":{"start":{"line":22,"column":4},"end":{"line":22,"column":49}},"14":{"start":{"line":25,"column":9},"end":{"line":27,"column":3}},"15":{"start":{"line":26,"column":4},"end":{"line":26,"column":31}},"16":{"start":{"line":28,"column":0},"end":{"line":28,"column":1}},"17":{"start":{"line":6,"column":13},"end":{"line":6,"column":29}}},"fnMap":{"0":{"name":"(anonymous_0)","decl":{"start":{"line":6,"column":0},"end":{"line":null,"column":-1}},"loc":{"start":{"line":6,"column":0},"end":{"line":6,"column":-1}}},"1":{"name":"TestComponentOne","decl":{"start":{"line":10,"column":2},"end":{"line":10,"column":21}},"loc":{"start":{"line":10,"column":116},"end":{"line":15,"column":3}}},"2":{"name":"(anonymous_2)","decl":{"start":{"line":12,"column":12},"end":{"line":12,"column":12}},"loc":{"start":{"line":12,"column":19},"end":{"line":14,"column":7}}},"3":{"name":"(anonymous_3)","decl":{"start":{"line":8,"column":2},"end":{"line":8,"column":19}},"loc":{"start":{"line":8,"column":2},"end":{"line":8,"column":38}}},"4":{"name":"(anonymous_4)","decl":{"start":{"line":17,"column":2},"end":{"line":17,"column":19}},"loc":{"start":{"line":17,"column":30},"end":{"line":19,"column":3}}},"5":{"name":"(anonymous_5)","decl":{"start":{"line":21,"column":2},"end":{"line":21,"column":20}},"loc":{"start":{"line":21,"column":47},"end":{"line":23,"column":3}}},"6":{"name":"(anonymous_6)","decl":{"start":{"line":25,"column":2},"end":{"line":null,"column":-1}},"loc":{"start":{"line":25,"column":2},"end":{"line":27,"column":3}}}},"branchMap":{},"s":{"0":1,"1":1,"2":4,"3":4,"4":4,"5":4,"6":4,"7":4,"8":1,"9":0,"10":1,"11":2,"12":1,"13":0,"14":1,"15":0,"16":1,"17":1},"f":{"0":1,"1":4,"2":4,"3":0,"4":2,"5":0,"6":0},"b":{}}
,"C:/git_repo/testrepo/ffproject/src/testServiceOne.ts": {"path":"C:/git_repo/testrepo/ffproject/src/testServiceOne.ts","statementMap":{"0":{"start":{"line":1,"column":0},"end":{"line":44,"column":0}},"1":{"start":{"line":2,"column":22},"end":{"line":2,"column":38}},"2":{"start":{"line":6,"column":15},"end":{"line":13,"column":3}},"3":{"start":{"line":8,"column":23},"end":{"line":8,"column":51}},"4":{"start":{"line":8,"column":12},"end":{"line":8,"column":51}},"5":{"start":{"line":9,"column":6},"end":{"line":9,"column":22}},"6":{"start":{"line":11,"column":6},"end":{"line":11,"column":18}},"7":{"start":{"line":15,"column":15},"end":{"line":22,"column":3}},"8":{"start":{"line":17,"column":23},"end":{"line":17,"column":50}},"9":{"start":{"line":17,"column":12},"end":{"line":17,"column":50}},"10":{"start":{"line":18,"column":6},"end":{"line":18,"column":22}},"11":{"start":{"line":20,"column":6},"end":{"line":20,"column":18}},"12":{"start":{"line":24,"column":15},"end":{"line":31,"column":3}},"13":{"start":{"line":26,"column":23},"end":{"line":26,"column":54}},"14":{"start":{"line":26,"column":12},"end":{"line":26,"column":54}},"15":{"start":{"line":27,"column":6},"end":{"line":27,"column":22}},"16":{"start":{"line":29,"column":6},"end":{"line":29,"column":18}},"17":{"start":{"line":33,"column":15},"end":{"line":39,"column":3}},"18":{"start":{"line":35,"column":6},"end":{"line":35,"column":37}},"19":{"start":{"line":35,"column":6},"end":{"line":35,"column":38}},"20":{"start":{"line":37,"column":6},"end":{"line":37,"column":18}},"21":{"start":{"line":41,"column":9},"end":{"line":43,"column":3}},"22":{"start":{"line":42,"column":4},"end":{"line":42,"column":29}},"23":{"start":{"line":44,"column":0},"end":{"line":44,"column":1}},"24":{"start":{"line":1,"column":13},"end":{"line":1,"column":27}},"25":{"start":{"line":46,"column":0},"end":{"line":62,"column":0}},"26":{"start":{"line":47,"column":9},"end":{"line":49,"column":3}},"27":{"start":{"line":48,"column":4},"end":{"line":48,"column":34}},"28":{"start":{"line":51,"column":9},"end":{"line":53,"column":3}},"29":{"start":{"line":52,"column":4},"end":{"line":52,"column":47}},"30":{"start":{"line":55,"column":9},"end":{"line":57,"column":3}},"31":{"start":{"line":56,"column":4},"end":{"line":56,"column":33}},"32":{"start":{"line":59,"column":9},"end":{"line":61,"column":3}},"33":{"start":{"line":60,"column":4},"end":{"line":60,"column":29}},"34":{"start":{"line":62,"column":0},"end":{"line":62,"column":1}},"35":{"start":{"line":46,"column":13},"end":{"line":46,"column":20}}},"fnMap":{"0":{"name":"(anonymous_12)","decl":{"start":{"line":1,"column":0},"end":{"line":null,"column":-1}},"loc":{"start":{"line":1,"column":0},"end":{"line":1,"column":-1}}},"1":{"name":"TestServiceOne","decl":{"start":{"line":2,"column":2},"end":{"line":2,"column":21}},"loc":{"start":{"line":2,"column":38},"end":{"line":4,"column":3}}},"2":{"name":"(anonymous_14)","decl":{"start":{"line":6,"column":2},"end":{"line":6,"column":18}},"loc":{"start":{"line":6,"column":31},"end":{"line":13,"column":3}}},"3":{"name":"(anonymous_17)","decl":{"start":{"line":15,"column":2},"end":{"line":null,"column":-1}},"loc":{"start":{"line":15,"column":2},"end":{"line":22,"column":3}}},"4":{"name":"(anonymous_20)","decl":{"start":{"line":24,"column":2},"end":{"line":24,"column":21}},"loc":{"start":{"line":24,"column":34},"end":{"line":31,"column":3}}},"5":{"name":"(anonymous_23)","decl":{"start":{"line":33,"column":2},"end":{"line":33,"column":21}},"loc":{"start":{"line":33,"column":34},"end":{"line":39,"column":3}}},"6":{"name":"(anonymous_26)","decl":{"start":{"line":41,"column":2},"end":{"line":null,"column":-1}},"loc":{"start":{"line":41,"column":2},"end":{"line":43,"column":3}}},"7":{"name":"(anonymous_27)","decl":{"start":{"line":46,"column":0},"end":{"line":null,"column":-1}},"loc":{"start":{"line":46,"column":0},"end":{"line":46,"column":-1}}},"8":{"name":"(anonymous_29)","decl":{"start":{"line":47,"column":2},"end":{"line":47,"column":12}},"loc":{"start":{"line":47,"column":25},"end":{"line":49,"column":3}}},"9":{"name":"(anonymous_30)","decl":{"start":{"line":51,"column":2},"end":{"line":null,"column":-1}},"loc":{"start":{"line":51,"column":2},"end":{"line":53,"column":3}}},"10":{"name":"(anonymous_31)","decl":{"start":{"line":55,"column":2},"end":{"line":55,"column":15}},"loc":{"start":{"line":55,"column":28},"end":{"line":57,"column":3}}},"11":{"name":"(anonymous_32)","decl":{"start":{"line":59,"column":2},"end":{"line":59,"column":15}},"loc":{"start":{"line":59,"column":28},"end":{"line":61,"column":3}}}},"branchMap":{},"s":{"0":3,"1":18,"2":3,"3":6,"4":6,"5":3,"6":3,"7":3,"8":6,"9":6,"10":3,"11":3,"12":3,"13":0,"14":0,"15":0,"16":0,"17":3,"18":3,"19":3,"20":0,"21":3,"22":0,"23":3,"24":3,"25":3,"26":3,"27":0,"28":3,"29":0,"30":3,"31":0,"32":3,"33":0,"34":3,"35":3},"f":{"0":3,"1":18,"2":6,"3":6,"4":0,"5":3,"6":0,"7":8,"8":0,"9":0,"10":0,"11":0},"b":{}}
,"C:/git_repo/testrepo/ffproject/src/testServiceTwo.ts": {"path":"C:/git_repo/testrepo/ffproject/src/testServiceTwo.ts","statementMap":{"0":{"start":{"line":2,"column":0},"end":{"line":23,"column":0}},"1":{"start":{"line":3,"column":22},"end":{"line":3,"column":52}},"2":{"start":{"line":7,"column":9},"end":{"line":9,"column":3}},"3":{"start":{"line":8,"column":4},"end":{"line":8,"column":23}},"4":{"start":{"line":11,"column":9},"end":{"line":13,"column":3}},"5":{"start":{"line":12,"column":4},"end":{"line":12,"column":23}},"6":{"start":{"line":15,"column":9},"end":{"line":17,"column":3}},"7":{"start":{"line":16,"column":4},"end":{"line":16,"column":43}},"8":{"start":{"line":16,"column":33},"end":{"line":16,"column":38}},"9":{"start":{"line":19,"column":9},"end":{"line":22,"column":3}},"10":{"start":{"line":20,"column":19},"end":{"line":20,"column":48}},"11":{"start":{"line":21,"column":4},"end":{"line":21,"column":32}},"12":{"start":{"line":23,"column":0},"end":{"line":23,"column":1}},"13":{"start":{"line":2,"column":13},"end":{"line":2,"column":27}}},"fnMap":{"0":{"name":"(anonymous_0)","decl":{"start":{"line":2,"column":0},"end":{"line":null,"column":-1}},"loc":{"start":{"line":2,"column":0},"end":{"line":2,"column":-1}}},"1":{"name":"TestServiceTwo","decl":{"start":{"line":3,"column":2},"end":{"line":3,"column":21}},"loc":{"start":{"line":3,"column":52},"end":{"line":5,"column":3}}},"2":{"name":"(anonymous_2)","decl":{"start":{"line":7,"column":2},"end":{"line":7,"column":14}},"loc":{"start":{"line":7,"column":27},"end":{"line":9,"column":3}}},"3":{"name":"(anonymous_3)","decl":{"start":{"line":11,"column":2},"end":{"line":11,"column":14}},"loc":{"start":{"line":11,"column":41},"end":{"line":13,"column":3}}},"4":{"name":"(anonymous_4)","decl":{"start":{"line":15,"column":2},"end":{"line":15,"column":14}},"loc":{"start":{"line":15,"column":29},"end":{"line":17,"column":3}}},"5":{"name":"(anonymous_5)","decl":{"start":{"line":16,"column":23},"end":{"line":16,"column":23}},"loc":{"start":{"line":16,"column":28},"end":{"line":16,"column":38}}},"6":{"name":"(anonymous_6)","decl":{"start":{"line":19,"column":2},"end":{"line":19,"column":14}},"loc":{"start":{"line":19,"column":27},"end":{"line":22,"column":3}}}},"branchMap":{},"s":{"0":2,"1":8,"2":2,"3":3,"4":2,"5":1,"6":2,"7":1,"8":3,"9":2,"10":1,"11":1,"12":2,"13":2},"f":{"0":2,"1":8,"2":3,"3":1,"4":1,"5":3,"6":1},"b":{}}
}
