TN:
SF:C:/git_repo/devtest/ffproject/src/app.ts
FN:1,(anonymous_0)
FNF:1
FNH:1
FNDA:1,(anonymous_0)
DA:1,1
DA:2,0
DA:3,1
LF:3
LH:2
BRF:0
BRH:0
end_of_record
TN:
SF:C:/git_repo/devtest/ffproject/src/environment.ts
FNF:0
FNH:0
DA:1,0
LF:1
LH:0
BRF:0
BRH:0
end_of_record
TN:
SF:C:/git_repo/devtest/ffproject/src/index.ts
FN:3,configure
FNF:1
FNH:0
FNDA:0,configure
DA:3,0
LF:1
LH:0
BRF:0
BRH:0
end_of_record
TN:
SF:C:/git_repo/devtest/ffproject/src/main.ts
FN:11,configure
FN:31,(anonymous_1)
FNF:2
FNH:0
FNDA:0,configure
FNDA:0,(anonymous_1)
DA:4,0
DA:5,0
DA:6,0
DA:9,0
DA:11,0
DA:12,0
DA:23,0
DA:24,0
DA:27,0
DA:28,0
DA:31,0
LF:11
LH:0
BRDA:23,0,0,0
BRDA:23,0,1,0
BRDA:27,1,0,0
BRDA:27,1,1,0
BRF:4
BRH:0
end_of_record
TN:
SF:C:/git_repo/devtest/ffproject/src/testComponentOne.ts
FN:6,(anonymous_0)
FN:10,TestComponentOne
FN:12,(anonymous_2)
FN:8,(anonymous_3)
FN:17,(anonymous_4)
FN:21,(anonymous_5)
FN:25,(anonymous_6)
FNF:7
FNH:4
FNDA:1,(anonymous_0)
FNDA:4,TestComponentOne
FNDA:4,(anonymous_2)
FNDA:0,(anonymous_3)
FNDA:2,(anonymous_4)
FNDA:0,(anonymous_5)
FNDA:0,(anonymous_6)
DA:1,1
DA:6,1
DA:8,1
DA:10,4
DA:11,4
DA:13,4
DA:17,1
DA:18,2
DA:21,1
DA:22,0
DA:25,1
DA:26,0
DA:28,1
LF:13
LH:11
BRF:0
BRH:0
end_of_record
TN:
SF:C:/git_repo/devtest/ffproject/src/testServiceOne.ts
FN:1,(anonymous_12)
FN:2,TestServiceOne
FN:6,(anonymous_14)
FN:15,(anonymous_17)
FN:24,(anonymous_20)
FN:33,(anonymous_23)
FN:41,(anonymous_26)
FN:46,(anonymous_27)
FN:47,(anonymous_29)
FN:51,(anonymous_30)
FN:55,(anonymous_31)
FN:59,(anonymous_32)
FNF:12
FNH:6
FNDA:3,(anonymous_12)
FNDA:13,TestServiceOne
FNDA:4,(anonymous_14)
FNDA:4,(anonymous_17)
FNDA:0,(anonymous_20)
FNDA:2,(anonymous_23)
FNDA:0,(anonymous_26)
FNDA:8,(anonymous_27)
FNDA:0,(anonymous_29)
FNDA:0,(anonymous_30)
FNDA:0,(anonymous_31)
FNDA:0,(anonymous_32)
DA:1,3
DA:2,13
DA:6,3
DA:8,4
DA:9,2
DA:11,2
DA:15,3
DA:17,4
DA:18,2
DA:20,2
DA:24,3
DA:26,0
DA:27,0
DA:29,0
DA:33,3
DA:35,2
DA:37,0
DA:41,3
DA:42,0
DA:44,3
DA:46,3
DA:47,3
DA:48,0
DA:51,3
DA:52,0
DA:55,3
DA:56,0
DA:59,3
DA:60,0
DA:62,3
LF:30
LH:21
BRF:0
BRH:0
end_of_record
TN:
SF:C:/git_repo/devtest/ffproject/src/testServiceTwo.ts
FN:2,(anonymous_0)
FN:3,TestServiceTwo
FN:7,(anonymous_2)
FN:11,(anonymous_3)
FN:15,(anonymous_4)
FN:16,(anonymous_5)
FN:19,(anonymous_6)
FNF:7
FNH:7
FNDA:2,(anonymous_0)
FNDA:7,TestServiceTwo
FNDA:2,(anonymous_2)
FNDA:1,(anonymous_3)
FNDA:1,(anonymous_4)
FNDA:3,(anonymous_5)
FNDA:1,(anonymous_6)
DA:2,2
DA:3,7
DA:7,2
DA:8,2
DA:11,2
DA:12,1
DA:15,2
DA:16,3
DA:19,2
DA:20,1
DA:21,1
DA:23,2
LF:12
LH:12
BRF:0
BRH:0
end_of_record
