TN:
SF:C:/git_repo/testrepo/ffproject/src/actions.ts
FN:5,(anonymous_0)
FN:6,(anonymous_1)
FN:13,(anonymous_2)
FN:14,(anonymous_3)
FNF:4
FNH:2
FNDA:0,(anonymous_0)
FNDA:0,(anonymous_1)
FNDA:1,(anonymous_2)
FNDA:1,(anonymous_3)
DA:2,1
DA:3,1
DA:5,1
DA:6,0
DA:7,0
DA:10,0
DA:13,1
DA:14,1
DA:15,1
DA:18,1
DA:21,1
DA:22,1
LF:12
LH:9
BRF:0
BRH:0
end_of_record
TN:
SF:C:/git_repo/testrepo/ffproject/src/app.ts
FN:1,(anonymous_0)
FNF:1
FNH:0
FNDA:0,(anonymous_0)
DA:1,0
DA:2,0
DA:3,0
LF:3
LH:0
BRF:0
BRH:0
end_of_record
TN:
SF:C:/git_repo/testrepo/ffproject/src/environment.ts
FNF:0
FNH:0
DA:1,0
LF:1
LH:0
BRF:0
BRH:0
end_of_record
TN:
SF:C:/git_repo/testrepo/ffproject/src/index.ts
FN:3,configure
FNF:1
FNH:0
FNDA:0,configure
DA:3,0
LF:1
LH:0
BRF:0
BRH:0
end_of_record
TN:
SF:C:/git_repo/testrepo/ffproject/src/main.ts
FN:12,configure
FN:36,(anonymous_1)
FNF:2
FNH:0
FNDA:0,configure
FNDA:0,(anonymous_1)
DA:4,0
DA:5,0
DA:6,0
DA:7,0
DA:10,0
DA:12,0
DA:13,0
DA:24,0
DA:26,0
DA:27,0
DA:30,0
DA:31,0
DA:34,0
DA:36,0
LF:14
LH:0
BRDA:26,0,0,0
BRDA:26,0,1,0
BRDA:30,1,0,0
BRDA:30,1,1,0
BRF:4
BRH:0
end_of_record
TN:
SF:C:/git_repo/testrepo/ffproject/src/state.ts
FN:34,(anonymous_0)
FN:41,(anonymous_1)
FNF:2
FNH:2
FNDA:2,(anonymous_0)
FNDA:1,(anonymous_1)
DA:2,1
DA:3,1
DA:22,1
DA:34,1
DA:35,2
DA:36,2
DA:37,2
DA:41,2
LF:8
LH:8
BRDA:36,0,0,2
BRDA:36,0,1,0
BRF:2
BRH:1
end_of_record
TN:
SF:C:/git_repo/testrepo/ffproject/src/store-component.ts
FN:11,(anonymous_1)
FN:15,(anonymous_3)
FN:22,(anonymous_4)
FN:32,(anonymous_5)
FN:10,(anonymous_6)
FNF:5
FNH:2
FNDA:2,(anonymous_1)
FNDA:0,(anonymous_3)
FNDA:1,(anonymous_4)
FNDA:0,(anonymous_5)
FNDA:0,(anonymous_6)
DA:1,1
DA:2,1
DA:4,1
DA:5,1
DA:6,1
DA:10,0
DA:11,1
DA:15,1
DA:16,0
DA:17,0
DA:18,0
DA:22,1
DA:23,1
DA:29,1
DA:32,1
DA:33,0
DA:42,0
DA:43,0
DA:44,0
DA:46,0
DA:53,0
DA:55,1
LF:22
LH:12
BRDA:16,0,0,0
BRDA:16,0,1,0
BRDA:42,1,0,0
BRDA:42,1,1,0
BRF:4
BRH:0
end_of_record
TN:
SF:C:/git_repo/testrepo/ffproject/src/store.ts
FNF:0
FNH:0
DA:1,0
DA:2,0
DA:5,0
DA:7,0
LF:4
LH:0
BRF:0
BRH:0
end_of_record
TN:
SF:C:/git_repo/testrepo/ffproject/src/test-component-one.ts
FN:6,(anonymous_0)
FN:10,TestComponentOne
FN:12,(anonymous_2)
FN:8,(anonymous_3)
FN:17,(anonymous_4)
FN:21,(anonymous_5)
FN:25,(anonymous_6)
FNF:7
FNH:4
FNDA:1,(anonymous_0)
FNDA:4,TestComponentOne
FNDA:4,(anonymous_2)
FNDA:0,(anonymous_3)
FNDA:2,(anonymous_4)
FNDA:0,(anonymous_5)
FNDA:0,(anonymous_6)
DA:1,1
DA:6,1
DA:8,1
DA:10,4
DA:11,4
DA:13,4
DA:17,1
DA:18,2
DA:21,1
DA:22,0
DA:25,1
DA:26,0
DA:28,1
LF:13
LH:11
BRF:0
BRH:0
end_of_record
TN:
SF:C:/git_repo/testrepo/ffproject/src/testServiceOne.ts
FN:1,(anonymous_12)
FN:2,TestServiceOne
FN:6,(anonymous_14)
FN:15,(anonymous_17)
FN:24,(anonymous_20)
FN:33,(anonymous_23)
FN:41,(anonymous_26)
FN:46,(anonymous_27)
FN:47,(anonymous_29)
FN:51,(anonymous_30)
FN:55,(anonymous_31)
FN:59,(anonymous_32)
FNF:12
FNH:6
FNDA:3,(anonymous_12)
FNDA:18,TestServiceOne
FNDA:6,(anonymous_14)
FNDA:6,(anonymous_17)
FNDA:0,(anonymous_20)
FNDA:3,(anonymous_23)
FNDA:0,(anonymous_26)
FNDA:8,(anonymous_27)
FNDA:0,(anonymous_29)
FNDA:0,(anonymous_30)
FNDA:0,(anonymous_31)
FNDA:0,(anonymous_32)
DA:1,3
DA:2,18
DA:6,3
DA:8,6
DA:9,3
DA:11,3
DA:15,3
DA:17,6
DA:18,3
DA:20,3
DA:24,3
DA:26,0
DA:27,0
DA:29,0
DA:33,3
DA:35,3
DA:37,0
DA:41,3
DA:42,0
DA:44,3
DA:46,3
DA:47,3
DA:48,0
DA:51,3
DA:52,0
DA:55,3
DA:56,0
DA:59,3
DA:60,0
DA:62,3
LF:30
LH:21
BRF:0
BRH:0
end_of_record
TN:
SF:C:/git_repo/testrepo/ffproject/src/testServiceTwo.ts
FN:2,(anonymous_0)
FN:3,TestServiceTwo
FN:7,(anonymous_2)
FN:11,(anonymous_3)
FN:15,(anonymous_4)
FN:16,(anonymous_5)
FN:19,(anonymous_6)
FNF:7
FNH:7
FNDA:2,(anonymous_0)
FNDA:8,TestServiceTwo
FNDA:3,(anonymous_2)
FNDA:1,(anonymous_3)
FNDA:1,(anonymous_4)
FNDA:3,(anonymous_5)
FNDA:1,(anonymous_6)
DA:2,2
DA:3,8
DA:7,2
DA:8,3
DA:11,2
DA:12,1
DA:15,2
DA:16,3
DA:19,2
DA:20,1
DA:21,1
DA:23,2
LF:12
LH:12
BRF:0
BRH:0
end_of_record
